Copyright 1986-2022 Xilinx, Inc. All Rights Reserved. Copyright 2022-2024 Advanced Micro Devices, Inc. All Rights Reserved.
---------------------------------------------------------------------------------------------------------------------------------------------------------------------------------------------------------------------------
| Tool Version : Vivado v.2024.1 (win64) Build 5076996 Wed May 22 18:37:14 MDT 2024
| Date         : Wed Mar  4 23:47:09 2026
| Host         : C28-2TK41600XL running 64-bit major release  (build 9200)
| Command      : report_timing_summary -max_paths 10 -report_unconstrained -file top_basys3_timing_summary_routed.rpt -pb top_basys3_timing_summary_routed.pb -rpx top_basys3_timing_summary_routed.rpx -warn_on_violation
| Design       : top_basys3
| Device       : 7a35t-cpg236
| Speed File   : -1  PRODUCTION 1.23 2018-06-13
| Design State : Routed
---------------------------------------------------------------------------------------------------------------------------------------------------------------------------------------------------------------------------

Timing Summary Report

------------------------------------------------------------------------------------------------
| Timer Settings
| --------------
------------------------------------------------------------------------------------------------

  Enable Multi Corner Analysis               :  Yes
  Enable Pessimism Removal                   :  Yes
  Pessimism Removal Resolution               :  Nearest Common Node
  Enable Input Delay Default Clock           :  No
  Enable Preset / Clear Arcs                 :  No
  Disable Flight Delays                      :  No
  Ignore I/O Paths                           :  No
  Timing Early Launch at Borrowing Latches   :  No
  Borrow Time for Max Delay Exceptions       :  Yes
  Merge Timing Exceptions                    :  Yes
  Inter-SLR Compensation                     :  Conservative

  Corner  Analyze    Analyze    
  Name    Max Paths  Min Paths  
  ------  ---------  ---------  
  Slow    Yes        Yes        
  Fast    Yes        Yes        


------------------------------------------------------------------------------------------------
| Report Methodology
| ------------------
------------------------------------------------------------------------------------------------

No report available as report_methodology has not been run prior. Run report_methodology on the current design for the summary of methodology violations.



check_timing report

Table of Contents
-----------------
1. checking no_clock (0)
2. checking constant_clock (0)
3. checking pulse_width_clock (0)
4. checking unconstrained_internal_endpoints (0)
5. checking no_input_delay (0)
6. checking no_output_delay (0)
7. checking multiple_clock (0)
8. checking generated_clocks (0)
9. checking loops (0)
10. checking partial_input_delay (0)
11. checking partial_output_delay (0)
12. checking latch_loops (0)

1. checking no_clock (0)
------------------------
 There are 0 register/latch pins with no clock.


2. checking constant_clock (0)
------------------------------
 There are 0 register/latch pins with constant_clock.


3. checking pulse_width_clock (0)
---------------------------------
 There are 0 register/latch pins which need pulse_width check


4. checking unconstrained_internal_endpoints (0)
------------------------------------------------
 There are 0 pins that are not constrained for maximum delay.

 There are 0 pins that are not constrained for maximum delay due to constant clock.


5. checking no_input_delay (0)
------------------------------
 There are 0 input ports with no input delay specified.

 There are 0 input ports with no input delay but user has a false path constraint.


6. checking no_output_delay (0)
-------------------------------
 There are 0 ports with no output delay specified.

 There are 0 ports with no output delay but user has a false path constraint

 There are 0 ports with no output delay but with a timing clock defined on it or propagating through it


7. checking multiple_clock (0)
------------------------------
 There are 0 register/latch pins with multiple clocks.


8. checking generated_clocks (0)
--------------------------------
 There are 0 generated clocks that are not connected to a clock source.


9. checking loops (0)
---------------------
 There are 0 combinational loops in the design.


10. checking partial_input_delay (0)
------------------------------------
 There are 0 input ports with partial input delay specified.


11. checking partial_output_delay (0)
-------------------------------------
 There are 0 ports with partial output delay specified.


12. checking latch_loops (0)
----------------------------
 There are 0 combinational latch loops in the design through latch input



------------------------------------------------------------------------------------------------
| Design Timing Summary
| ---------------------
------------------------------------------------------------------------------------------------

    WNS(ns)      TNS(ns)  TNS Failing Endpoints  TNS Total Endpoints      WHS(ns)      THS(ns)  THS Failing Endpoints  THS Total Endpoints     WPWS(ns)     TPWS(ns)  TPWS Failing Endpoints  TPWS Total Endpoints  
    -------      -------  ---------------------  -------------------      -------      -------  ---------------------  -------------------     --------     --------  ----------------------  --------------------  
        inf        0.000                      0                    8          inf        0.000                      0                    8           NA           NA                      NA                    NA  


There are no user specified timing constraints.


------------------------------------------------------------------------------------------------
| Clock Summary
| -------------
------------------------------------------------------------------------------------------------


------------------------------------------------------------------------------------------------
| Intra Clock Table
| -----------------
------------------------------------------------------------------------------------------------

Clock             WNS(ns)      TNS(ns)  TNS Failing Endpoints  TNS Total Endpoints      WHS(ns)      THS(ns)  THS Failing Endpoints  THS Total Endpoints     WPWS(ns)     TPWS(ns)  TPWS Failing Endpoints  TPWS Total Endpoints  
-----             -------      -------  ---------------------  -------------------      -------      -------  ---------------------  -------------------     --------     --------  ----------------------  --------------------  


------------------------------------------------------------------------------------------------
| Inter Clock Table
| -----------------
------------------------------------------------------------------------------------------------

From Clock    To Clock          WNS(ns)      TNS(ns)  TNS Failing Endpoints  TNS Total Endpoints      WHS(ns)      THS(ns)  THS Failing Endpoints  THS Total Endpoints  
----------    --------          -------      -------  ---------------------  -------------------      -------      -------  ---------------------  -------------------  


------------------------------------------------------------------------------------------------
| Other Path Groups Table
| -----------------------
------------------------------------------------------------------------------------------------

Path Group    From Clock    To Clock          WNS(ns)      TNS(ns)  TNS Failing Endpoints  TNS Total Endpoints      WHS(ns)      THS(ns)  THS Failing Endpoints  THS Total Endpoints  
----------    ----------    --------          -------      -------  ---------------------  -------------------      -------      -------  ---------------------  -------------------  


------------------------------------------------------------------------------------------------
| User Ignored Path Table
| -----------------------
------------------------------------------------------------------------------------------------

Path Group    From Clock    To Clock    
----------    ----------    --------    


------------------------------------------------------------------------------------------------
| Unconstrained Path Table
| ------------------------
------------------------------------------------------------------------------------------------

Path Group    From Clock    To Clock    
----------    ----------    --------    
(none)                                    


------------------------------------------------------------------------------------------------
| Timing Details
| --------------
------------------------------------------------------------------------------------------------


--------------------------------------------------------------------------------------
Path Group:  (none)
From Clock:  
  To Clock:  

Max Delay             8 Endpoints
Min Delay             8 Endpoints
--------------------------------------------------------------------------------------


Max Delay Paths
--------------------------------------------------------------------------------------
Slack:                    inf
  Source:                 btnC
                            (input port)
  Destination:            an[0]
                            (output port)
  Path Group:             (none)
  Path Type:              Max at Slow Process Corner
  Data Path Delay:        10.809ns  (logic 5.302ns (49.054%)  route 5.507ns (50.946%))
  Logic Levels:           3  (IBUF=1 LUT1=1 OBUF=1)

    Location             Delay type                Incr(ns)  Path(ns)    Netlist Resource(s)
  -------------------------------------------------------------------    -------------------
    U18                                               0.000     0.000 f  btnC (IN)
                         net (fo=0)                   0.000     0.000    btnC
    U18                  IBUF (Prop_ibuf_I_O)         1.441     1.441 f  btnC_IBUF_inst/O
                         net (fo=8, routed)           3.361     4.802    btnC_IBUF
    SLICE_X65Y13         LUT1 (Prop_lut1_I0_O)        0.150     4.952 r  an_OBUF[0]_inst_i_1/O
                         net (fo=1, routed)           2.146     7.098    an_OBUF[0]
    U2                   OBUF (Prop_obuf_I_O)         3.711    10.809 r  an_OBUF[0]_inst/O
                         net (fo=0)                   0.000    10.809    an[0]
    U2                                                                r  an[0] (OUT)
  -------------------------------------------------------------------    -------------------

Slack:                    inf
  Source:                 sw[2]
                            (input port)
  Destination:            seg[3]
                            (output port)
  Path Group:             (none)
  Path Type:              Max at Slow Process Corner
  Data Path Delay:        10.705ns  (logic 5.359ns (50.066%)  route 5.345ns (49.934%))
  Logic Levels:           3  (IBUF=1 LUT5=1 OBUF=1)

    Location             Delay type                Incr(ns)  Path(ns)    Netlist Resource(s)
  -------------------------------------------------------------------    -------------------
    W16                                               0.000     0.000 r  sw[2] (IN)
                         net (fo=0)                   0.000     0.000    sw[2]
    W16                  IBUF (Prop_ibuf_I_O)         1.464     1.464 r  sw_IBUF[2]_inst/O
                         net (fo=7, routed)           3.339     4.803    sw_IBUF[2]
    SLICE_X65Y13         LUT5 (Prop_lut5_I2_O)        0.152     4.955 r  seg_OBUF[3]_inst_i_1/O
                         net (fo=1, routed)           2.006     6.961    seg_OBUF[3]
    V8                   OBUF (Prop_obuf_I_O)         3.744    10.705 r  seg_OBUF[3]_inst/O
                         net (fo=0)                   0.000    10.705    seg[3]
    V8                                                                r  seg[3] (OUT)
  -------------------------------------------------------------------    -------------------

Slack:                    inf
  Source:                 sw[2]
                            (input port)
  Destination:            seg[0]
                            (output port)
  Path Group:             (none)
  Path Type:              Max at Slow Process Corner
  Data Path Delay:        10.583ns  (logic 5.328ns (50.348%)  route 5.255ns (49.652%))
  Logic Levels:           3  (IBUF=1 LUT5=1 OBUF=1)

    Location             Delay type                Incr(ns)  Path(ns)    Netlist Resource(s)
  -------------------------------------------------------------------    -------------------
    W16                                               0.000     0.000 r  sw[2] (IN)
                         net (fo=0)                   0.000     0.000    sw[2]
    W16                  IBUF (Prop_ibuf_I_O)         1.464     1.464 r  sw_IBUF[2]_inst/O
                         net (fo=7, routed)           3.337     4.801    sw_IBUF[2]
    SLICE_X65Y13         LUT5 (Prop_lut5_I2_O)        0.152     4.953 r  seg_OBUF[0]_inst_i_1/O
                         net (fo=1, routed)           1.918     6.871    seg_OBUF[0]
    W7                   OBUF (Prop_obuf_I_O)         3.713    10.583 r  seg_OBUF[0]_inst/O
                         net (fo=0)                   0.000    10.583    seg[0]
    W7                                                                r  seg[0] (OUT)
  -------------------------------------------------------------------    -------------------

Slack:                    inf
  Source:                 sw[0]
                            (input port)
  Destination:            seg[5]
                            (output port)
  Path Group:             (none)
  Path Type:              Max at Slow Process Corner
  Data Path Delay:        10.523ns  (logic 5.314ns (50.503%)  route 5.208ns (49.497%))
  Logic Levels:           3  (IBUF=1 LUT5=1 OBUF=1)

    Location             Delay type                Incr(ns)  Path(ns)    Netlist Resource(s)
  -------------------------------------------------------------------    -------------------
    V17                                               0.000     0.000 r  sw[0] (IN)
                         net (fo=0)                   0.000     0.000    sw[0]
    V17                  IBUF (Prop_ibuf_I_O)         1.453     1.453 r  sw_IBUF[0]_inst/O
                         net (fo=7, routed)           3.332     4.785    sw_IBUF[0]
    SLICE_X65Y13         LUT5 (Prop_lut5_I0_O)        0.154     4.939 r  seg_OBUF[5]_inst_i_1/O
                         net (fo=1, routed)           1.877     6.815    seg_OBUF[5]
    V5                   OBUF (Prop_obuf_I_O)         3.707    10.523 r  seg_OBUF[5]_inst/O
                         net (fo=0)                   0.000    10.523    seg[5]
    V5                                                                r  seg[5] (OUT)
  -------------------------------------------------------------------    -------------------

Slack:                    inf
  Source:                 sw[2]
                            (input port)
  Destination:            seg[1]
                            (output port)
  Path Group:             (none)
  Path Type:              Max at Slow Process Corner
  Data Path Delay:        10.510ns  (logic 5.117ns (48.687%)  route 5.393ns (51.313%))
  Logic Levels:           3  (IBUF=1 LUT5=1 OBUF=1)

    Location             Delay type                Incr(ns)  Path(ns)    Netlist Resource(s)
  -------------------------------------------------------------------    -------------------
    W16                                               0.000     0.000 r  sw[2] (IN)
                         net (fo=0)                   0.000     0.000    sw[2]
    W16                  IBUF (Prop_ibuf_I_O)         1.464     1.464 r  sw_IBUF[2]_inst/O
                         net (fo=7, routed)           3.337     4.801    sw_IBUF[2]
    SLICE_X65Y13         LUT5 (Prop_lut5_I2_O)        0.124     4.925 r  seg_OBUF[1]_inst_i_1/O
                         net (fo=1, routed)           2.056     6.981    seg_OBUF[1]
    W6                   OBUF (Prop_obuf_I_O)         3.529    10.510 r  seg_OBUF[1]_inst/O
                         net (fo=0)                   0.000    10.510    seg[1]
    W6                                                                r  seg[1] (OUT)
  -------------------------------------------------------------------    -------------------

Slack:                    inf
  Source:                 sw[2]
                            (input port)
  Destination:            seg[2]
                            (output port)
  Path Group:             (none)
  Path Type:              Max at Slow Process Corner
  Data Path Delay:        10.378ns  (logic 5.123ns (49.366%)  route 5.255ns (50.634%))
  Logic Levels:           3  (IBUF=1 LUT5=1 OBUF=1)

    Location             Delay type                Incr(ns)  Path(ns)    Netlist Resource(s)
  -------------------------------------------------------------------    -------------------
    W16                                               0.000     0.000 r  sw[2] (IN)
                         net (fo=0)                   0.000     0.000    sw[2]
    W16                  IBUF (Prop_ibuf_I_O)         1.464     1.464 r  sw_IBUF[2]_inst/O
                         net (fo=7, routed)           3.339     4.803    sw_IBUF[2]
    SLICE_X65Y13         LUT5 (Prop_lut5_I0_O)        0.124     4.927 r  seg_OBUF[2]_inst_i_1/O
                         net (fo=1, routed)           1.916     6.842    seg_OBUF[2]
    U8                   OBUF (Prop_obuf_I_O)         3.535    10.378 r  seg_OBUF[2]_inst/O
                         net (fo=0)                   0.000    10.378    seg[2]
    U8                                                                r  seg[2] (OUT)
  -------------------------------------------------------------------    -------------------

Slack:                    inf
  Source:                 sw[3]
                            (input port)
  Destination:            seg[6]
                            (output port)
  Path Group:             (none)
  Path Type:              Max at Slow Process Corner
  Data Path Delay:        10.275ns  (logic 5.104ns (49.673%)  route 5.171ns (50.327%))
  Logic Levels:           3  (IBUF=1 LUT5=1 OBUF=1)

    Location             Delay type                Incr(ns)  Path(ns)    Netlist Resource(s)
  -------------------------------------------------------------------    -------------------
    W17                                               0.000     0.000 f  sw[3] (IN)
                         net (fo=0)                   0.000     0.000    sw[3]
    W17                  IBUF (Prop_ibuf_I_O)         1.448     1.448 f  sw_IBUF[3]_inst/O
                         net (fo=7, routed)           3.368     4.816    sw_IBUF[3]
    SLICE_X65Y13         LUT5 (Prop_lut5_I0_O)        0.124     4.940 r  seg_OBUF[6]_inst_i_1/O
                         net (fo=1, routed)           1.803     6.744    seg_OBUF[6]
    U7                   OBUF (Prop_obuf_I_O)         3.531    10.275 r  seg_OBUF[6]_inst/O
                         net (fo=0)                   0.000    10.275    seg[6]
    U7                                                                r  seg[6] (OUT)
  -------------------------------------------------------------------    -------------------

Slack:                    inf
  Source:                 sw[0]
                            (input port)
  Destination:            seg[4]
                            (output port)
  Path Group:             (none)
  Path Type:              Max at Slow Process Corner
  Data Path Delay:        10.141ns  (logic 5.097ns (50.256%)  route 5.045ns (49.744%))
  Logic Levels:           3  (IBUF=1 LUT5=1 OBUF=1)

    Location             Delay type                Incr(ns)  Path(ns)    Netlist Resource(s)
  -------------------------------------------------------------------    -------------------
    V17                                               0.000     0.000 r  sw[0] (IN)
                         net (fo=0)                   0.000     0.000    sw[0]
    V17                  IBUF (Prop_ibuf_I_O)         1.453     1.453 r  sw_IBUF[0]_inst/O
                         net (fo=7, routed)           3.332     4.785    sw_IBUF[0]
    SLICE_X65Y13         LUT5 (Prop_lut5_I0_O)        0.124     4.909 r  seg_OBUF[4]_inst_i_1/O
                         net (fo=1, routed)           1.713     6.622    seg_OBUF[4]
    U5                   OBUF (Prop_obuf_I_O)         3.520    10.141 r  seg_OBUF[4]_inst/O
                         net (fo=0)                   0.000    10.141    seg[4]
    U5                                                                r  seg[4] (OUT)
  -------------------------------------------------------------------    -------------------





Min Delay Paths
--------------------------------------------------------------------------------------
Slack:                    inf
  Source:                 sw[1]
                            (input port)
  Destination:            seg[4]
                            (output port)
  Path Group:             (none)
  Path Type:              Min at Fast Process Corner
  Data Path Delay:        3.222ns  (logic 1.495ns (46.405%)  route 1.727ns (53.595%))
  Logic Levels:           3  (IBUF=1 LUT5=1 OBUF=1)

    Location             Delay type                Incr(ns)  Path(ns)    Netlist Resource(s)
  -------------------------------------------------------------------    -------------------
    V16                                               0.000     0.000 f  sw[1] (IN)
                         net (fo=0)                   0.000     0.000    sw[1]
    V16                  IBUF (Prop_ibuf_I_O)         0.229     0.229 f  sw_IBUF[1]_inst/O
                         net (fo=7, routed)           1.369     1.598    sw_IBUF[1]
    SLICE_X65Y13         LUT5 (Prop_lut5_I2_O)        0.045     1.643 r  seg_OBUF[4]_inst_i_1/O
                         net (fo=1, routed)           0.358     2.001    seg_OBUF[4]
    U5                   OBUF (Prop_obuf_I_O)         1.221     3.222 r  seg_OBUF[4]_inst/O
                         net (fo=0)                   0.000     3.222    seg[4]
    U5                                                                r  seg[4] (OUT)
  -------------------------------------------------------------------    -------------------

Slack:                    inf
  Source:                 sw[2]
                            (input port)
  Destination:            seg[6]
                            (output port)
  Path Group:             (none)
  Path Type:              Min at Fast Process Corner
  Data Path Delay:        3.281ns  (logic 1.509ns (46.003%)  route 1.771ns (53.997%))
  Logic Levels:           3  (IBUF=1 LUT5=1 OBUF=1)

    Location             Delay type                Incr(ns)  Path(ns)    Netlist Resource(s)
  -------------------------------------------------------------------    -------------------
    W16                                               0.000     0.000 r  sw[2] (IN)
                         net (fo=0)                   0.000     0.000    sw[2]
    W16                  IBUF (Prop_ibuf_I_O)         0.232     0.232 r  sw_IBUF[2]_inst/O
                         net (fo=7, routed)           1.381     1.613    sw_IBUF[2]
    SLICE_X65Y13         LUT5 (Prop_lut5_I2_O)        0.045     1.658 r  seg_OBUF[6]_inst_i_1/O
                         net (fo=1, routed)           0.390     2.048    seg_OBUF[6]
    U7                   OBUF (Prop_obuf_I_O)         1.232     3.281 r  seg_OBUF[6]_inst/O
                         net (fo=0)                   0.000     3.281    seg[6]
    U7                                                                r  seg[6] (OUT)
  -------------------------------------------------------------------    -------------------

Slack:                    inf
  Source:                 sw[0]
                            (input port)
  Destination:            seg[2]
                            (output port)
  Path Group:             (none)
  Path Type:              Min at Fast Process Corner
  Data Path Delay:        3.304ns  (logic 1.502ns (45.452%)  route 1.802ns (54.548%))
  Logic Levels:           3  (IBUF=1 LUT5=1 OBUF=1)

    Location             Delay type                Incr(ns)  Path(ns)    Netlist Resource(s)
  -------------------------------------------------------------------    -------------------
    V17                                               0.000     0.000 f  sw[0] (IN)
                         net (fo=0)                   0.000     0.000    sw[0]
    V17                  IBUF (Prop_ibuf_I_O)         0.221     0.221 f  sw_IBUF[0]_inst/O
                         net (fo=7, routed)           1.372     1.593    sw_IBUF[0]
    SLICE_X65Y13         LUT5 (Prop_lut5_I2_O)        0.045     1.638 r  seg_OBUF[2]_inst_i_1/O
                         net (fo=1, routed)           0.431     2.068    seg_OBUF[2]
    U8                   OBUF (Prop_obuf_I_O)         1.236     3.304 r  seg_OBUF[2]_inst/O
                         net (fo=0)                   0.000     3.304    seg[2]
    U8                                                                r  seg[2] (OUT)
  -------------------------------------------------------------------    -------------------

Slack:                    inf
  Source:                 sw[1]
                            (input port)
  Destination:            seg[0]
                            (output port)
  Path Group:             (none)
  Path Type:              Min at Fast Process Corner
  Data Path Delay:        3.305ns  (logic 1.551ns (46.934%)  route 1.754ns (53.066%))
  Logic Levels:           3  (IBUF=1 LUT5=1 OBUF=1)

    Location             Delay type                Incr(ns)  Path(ns)    Netlist Resource(s)
  -------------------------------------------------------------------    -------------------
    V16                                               0.000     0.000 r  sw[1] (IN)
                         net (fo=0)                   0.000     0.000    sw[1]
    V16                  IBUF (Prop_ibuf_I_O)         0.229     0.229 r  sw_IBUF[1]_inst/O
                         net (fo=7, routed)           1.307     1.536    sw_IBUF[1]
    SLICE_X65Y13         LUT5 (Prop_lut5_I0_O)        0.048     1.584 r  seg_OBUF[0]_inst_i_1/O
                         net (fo=1, routed)           0.447     2.031    seg_OBUF[0]
    W7                   OBUF (Prop_obuf_I_O)         1.274     3.305 r  seg_OBUF[0]_inst/O
                         net (fo=0)                   0.000     3.305    seg[0]
    W7                                                                r  seg[0] (OUT)
  -------------------------------------------------------------------    -------------------

Slack:                    inf
  Source:                 sw[1]
                            (input port)
  Destination:            seg[1]
                            (output port)
  Path Group:             (none)
  Path Type:              Min at Fast Process Corner
  Data Path Delay:        3.307ns  (logic 1.504ns (45.486%)  route 1.803ns (54.514%))
  Logic Levels:           3  (IBUF=1 LUT5=1 OBUF=1)

    Location             Delay type                Incr(ns)  Path(ns)    Netlist Resource(s)
  -------------------------------------------------------------------    -------------------
    V16                                               0.000     0.000 r  sw[1] (IN)
                         net (fo=0)                   0.000     0.000    sw[1]
    V16                  IBUF (Prop_ibuf_I_O)         0.229     0.229 r  sw_IBUF[1]_inst/O
                         net (fo=7, routed)           1.307     1.536    sw_IBUF[1]
    SLICE_X65Y13         LUT5 (Prop_lut5_I1_O)        0.045     1.581 r  seg_OBUF[1]_inst_i_1/O
                         net (fo=1, routed)           0.496     2.077    seg_OBUF[1]
    W6                   OBUF (Prop_obuf_I_O)         1.230     3.307 r  seg_OBUF[1]_inst/O
                         net (fo=0)                   0.000     3.307    seg[1]
    W6                                                                r  seg[1] (OUT)
  -------------------------------------------------------------------    -------------------

Slack:                    inf
  Source:                 sw[1]
                            (input port)
  Destination:            seg[5]
                            (output port)
  Path Group:             (none)
  Path Type:              Min at Fast Process Corner
  Data Path Delay:        3.339ns  (logic 1.551ns (46.441%)  route 1.789ns (53.559%))
  Logic Levels:           3  (IBUF=1 LUT5=1 OBUF=1)

    Location             Delay type                Incr(ns)  Path(ns)    Netlist Resource(s)
  -------------------------------------------------------------------    -------------------
    V16                                               0.000     0.000 r  sw[1] (IN)
                         net (fo=0)                   0.000     0.000    sw[1]
    V16                  IBUF (Prop_ibuf_I_O)         0.229     0.229 r  sw_IBUF[1]_inst/O
                         net (fo=7, routed)           1.369     1.598    sw_IBUF[1]
    SLICE_X65Y13         LUT5 (Prop_lut5_I1_O)        0.051     1.649 r  seg_OBUF[5]_inst_i_1/O
                         net (fo=1, routed)           0.420     2.069    seg_OBUF[5]
    V5                   OBUF (Prop_obuf_I_O)         1.271     3.339 r  seg_OBUF[5]_inst/O
                         net (fo=0)                   0.000     3.339    seg[5]
    V5                                                                r  seg[5] (OUT)
  -------------------------------------------------------------------    -------------------

Slack:                    inf
  Source:                 sw[0]
                            (input port)
  Destination:            seg[3]
                            (output port)
  Path Group:             (none)
  Path Type:              Min at Fast Process Corner
  Data Path Delay:        3.419ns  (logic 1.573ns (46.013%)  route 1.846ns (53.987%))
  Logic Levels:           3  (IBUF=1 LUT5=1 OBUF=1)

    Location             Delay type                Incr(ns)  Path(ns)    Netlist Resource(s)
  -------------------------------------------------------------------    -------------------
    V17                                               0.000     0.000 r  sw[0] (IN)
                         net (fo=0)                   0.000     0.000    sw[0]
    V17                  IBUF (Prop_ibuf_I_O)         0.221     0.221 r  sw_IBUF[0]_inst/O
                         net (fo=7, routed)           1.372     1.593    sw_IBUF[0]
    SLICE_X65Y13         LUT5 (Prop_lut5_I1_O)        0.049     1.642 r  seg_OBUF[3]_inst_i_1/O
                         net (fo=1, routed)           0.474     2.116    seg_OBUF[3]
    V8                   OBUF (Prop_obuf_I_O)         1.303     3.419 r  seg_OBUF[3]_inst/O
                         net (fo=0)                   0.000     3.419    seg[3]
    V8                                                                r  seg[3] (OUT)
  -------------------------------------------------------------------    -------------------

Slack:                    inf
  Source:                 btnC
                            (input port)
  Destination:            an[0]
                            (output port)
  Path Group:             (none)
  Path Type:              Min at Fast Process Corner
  Data Path Delay:        3.601ns  (logic 1.524ns (42.306%)  route 2.078ns (57.694%))
  Logic Levels:           3  (IBUF=1 LUT1=1 OBUF=1)

    Location             Delay type                Incr(ns)  Path(ns)    Netlist Resource(s)
  -------------------------------------------------------------------    -------------------
    U18                                               0.000     0.000 f  btnC (IN)
                         net (fo=0)                   0.000     0.000    btnC
    U18                  IBUF (Prop_ibuf_I_O)         0.210     0.210 f  btnC_IBUF_inst/O
                         net (fo=8, routed)           1.516     1.725    btnC_IBUF
    SLICE_X65Y13         LUT1 (Prop_lut1_I0_O)        0.043     1.768 r  an_OBUF[0]_inst_i_1/O
                         net (fo=1, routed)           0.562     2.330    an_OBUF[0]
    U2                   OBUF (Prop_obuf_I_O)         1.271     3.601 r  an_OBUF[0]_inst/O
                         net (fo=0)                   0.000     3.601    an[0]
    U2                                                                r  an[0] (OUT)
  -------------------------------------------------------------------    -------------------





